<?xml version="1.0" encoding="UTF-8"?>
<testng-results skipped="0" failed="0" total="1" passed="1">
  <reporter-output>
  </reporter-output>
  <suite name="Suite" duration-ms="88463" started-at="2020-04-14T09:18:09Z" finished-at="2020-04-14T09:19:37Z">
    <groups>
    </groups>
    <test name="Test" duration-ms="88463" started-at="2020-04-14T09:18:09Z" finished-at="2020-04-14T09:19:37Z">
      <class name="runManager.RunManager">
        <test-method status="PASS" signature="runner()[pri:0, instance:runManager.RunManager@68837a77]" name="runner" duration-ms="88445" started-at="2020-04-14T14:48:09Z" finished-at="2020-04-14T14:49:37Z">
          <reporter-output>
          </reporter-output>
        </test-method> <!-- runner -->
      </class> <!-- runManager.RunManager -->
    </test> <!-- Test -->
  </suite> <!-- Suite -->
</testng-results>
